2025-06-06 16:44:04,050 - INFO - Application started
2025-06-06 16:44:04,098 - DEBUG - Importing AvifImagePlugin
2025-06-06 16:44:04,100 - DEBUG - Importing BlpImagePlugin
2025-06-06 16:44:04,102 - DEBUG - Importing BmpImagePlugin
2025-06-06 16:44:04,102 - DEBUG - Importing BufrStubImagePlugin
2025-06-06 16:44:04,104 - DEBUG - Importing CurImagePlugin
2025-06-06 16:44:04,106 - DEBUG - Importing DcxImagePlugin
2025-06-06 16:44:04,109 - DEBUG - Importing DdsImagePlugin
2025-06-06 16:44:04,114 - DEBUG - Importing EpsImagePlugin
2025-06-06 16:44:04,116 - DEBUG - Importing FitsImagePlugin
2025-06-06 16:44:04,120 - DEBUG - Importing FliImagePlugin
2025-06-06 16:44:04,121 - DEBUG - Importing FpxImagePlugin
2025-06-06 16:44:04,124 - DEBUG - Image: failed to import FpxImagePlugin: No module named 'olefile'
2025-06-06 16:44:04,124 - DEBUG - Importing FtexImagePlugin
2025-06-06 16:44:04,126 - DEBUG - Importing GbrImagePlugin
2025-06-06 16:44:04,127 - DEBUG - Importing GifImagePlugin
2025-06-06 16:44:04,127 - DEBUG - Importing GribStubImagePlugin
2025-06-06 16:44:04,129 - DEBUG - Importing Hdf5StubImagePlugin
2025-06-06 16:44:04,130 - DEBUG - Importing IcnsImagePlugin
2025-06-06 16:44:04,135 - DEBUG - Importing IcoImagePlugin
2025-06-06 16:44:04,138 - DEBUG - Importing ImImagePlugin
2025-06-06 16:44:04,140 - DEBUG - Importing ImtImagePlugin
2025-06-06 16:44:04,142 - DEBUG - Importing IptcImagePlugin
2025-06-06 16:44:04,144 - DEBUG - Importing JpegImagePlugin
2025-06-06 16:44:04,144 - DEBUG - Importing Jpeg2KImagePlugin
2025-06-06 16:44:04,144 - DEBUG - Importing McIdasImagePlugin
2025-06-06 16:44:04,146 - DEBUG - Importing MicImagePlugin
2025-06-06 16:44:04,150 - DEBUG - Image: failed to import MicImagePlugin: No module named 'olefile'
2025-06-06 16:44:04,151 - DEBUG - Importing MpegImagePlugin
2025-06-06 16:44:04,153 - DEBUG - Importing MpoImagePlugin
2025-06-06 16:44:04,169 - DEBUG - Importing MspImagePlugin
2025-06-06 16:44:04,171 - DEBUG - Importing PalmImagePlugin
2025-06-06 16:44:04,173 - DEBUG - Importing PcdImagePlugin
2025-06-06 16:44:04,175 - DEBUG - Importing PcxImagePlugin
2025-06-06 16:44:04,175 - DEBUG - Importing PdfImagePlugin
2025-06-06 16:44:04,192 - DEBUG - Importing PixarImagePlugin
2025-06-06 16:44:04,194 - DEBUG - Importing PngImagePlugin
2025-06-06 16:44:04,195 - DEBUG - Importing PpmImagePlugin
2025-06-06 16:44:04,195 - DEBUG - Importing PsdImagePlugin
2025-06-06 16:44:04,197 - DEBUG - Importing QoiImagePlugin
2025-06-06 16:44:04,198 - DEBUG - Importing SgiImagePlugin
2025-06-06 16:44:04,200 - DEBUG - Importing SpiderImagePlugin
2025-06-06 16:44:04,201 - DEBUG - Importing SunImagePlugin
2025-06-06 16:44:04,204 - DEBUG - Importing TgaImagePlugin
2025-06-06 16:44:04,206 - DEBUG - Importing TiffImagePlugin
2025-06-06 16:44:04,206 - DEBUG - Importing WebPImagePlugin
2025-06-06 16:44:04,211 - DEBUG - Importing WmfImagePlugin
2025-06-06 16:44:04,213 - DEBUG - Importing XbmImagePlugin
2025-06-06 16:44:04,215 - DEBUG - Importing XpmImagePlugin
2025-06-06 16:44:04,217 - DEBUG - Importing XVThumbImagePlugin
2025-06-06 16:44:04,259 - INFO - F12 hotkey registered
2025-06-06 16:44:23,179 - DEBUG - F12 pressed
2025-06-06 16:44:23,179 - DEBUG - Processing clipboard
2025-06-06 16:44:23,181 - DEBUG - Clipboard content: kill @e[type=end_crystal,tag=laser,distance=..2,x=73 ,y=-37,z=33]
2025-06-06 16:44:23,181 - DEBUG - Modifying coordinates for command: kill @e[type=end_crystal,tag=laser,distance=..2,x=73 ,y=-37,z=33]
2025-06-06 16:44:23,182 - DEBUG - Kill command modified: kill @e[type=end_crystal,tag=laser,distance=..2,x=73 ,y=123,z=33]
2025-06-06 16:44:23,182 - DEBUG - Modified command: kill @e[type=end_crystal,tag=laser,distance=..2,x=73 ,y=123,z=33]
2025-06-06 16:46:18,770 - INFO - Application exiting
2025-06-06 16:46:20,160 - INFO - Application started
2025-06-06 16:46:23,928 - DEBUG - Processing command
2025-06-06 16:46:23,928 - DEBUG - Modifying coordinates for command: kill @e[type=end_crystal,tag=laser,distance=..2,x=73 ,y=-37,z=33]
2025-06-06 16:46:23,929 - DEBUG - Kill command modified: kill @e[type=end_crystal,tag=laser,distance=..2,x=73 ,y=123,z=33]
2025-06-06 16:46:23,929 - DEBUG - Modified command: kill @e[type=end_crystal,tag=laser,distance=..2,x=73 ,y=123,z=33]
2025-06-06 16:46:30,224 - DEBUG - Clipboard updated with modified command
2025-06-06 16:48:01,077 - INFO - Application interrupted by user
2025-06-06 16:48:01,077 - INFO - Application exiting
2025-06-06 16:48:02,193 - INFO - Application started
2025-06-06 16:48:03,704 - DEBUG - Processing command
2025-06-06 16:48:03,704 - DEBUG - Modifying coordinates for command: import pyperclip
2025-06-06 16:48:03,705 - DEBUG - No coordinate modification applied
2025-06-06 16:48:03,705 - DEBUG - Modified command: import pyperclip
2025-06-06 16:48:07,002 - DEBUG - Clipboard updated with modified command
2025-06-06 16:48:07,004 - DEBUG - Processing command
2025-06-06 16:48:07,005 - DEBUG - Modifying coordinates for command: import re
2025-06-06 16:48:07,005 - DEBUG - No coordinate modification applied
2025-06-06 16:48:07,005 - DEBUG - Modified command: import re
2025-06-06 16:48:22,383 - INFO - Application started
2025-06-06 16:48:23,909 - DEBUG - Processing command
2025-06-06 16:48:23,909 - DEBUG - Modifying coordinates for command: kill @e[type=end_crystal,tag=laser,distance=..2,x=73 ,y=-37,z=33]
2025-06-06 16:48:23,910 - DEBUG - Kill command modified: kill @e[type=end_crystal,tag=laser,distance=..2,x=73 ,y=123,z=33]
2025-06-06 16:48:23,911 - DEBUG - Modified command: kill @e[type=end_crystal,tag=laser,distance=..2,x=73 ,y=123,z=33]
2025-06-06 16:48:26,235 - DEBUG - Clipboard updated with modified command
2025-06-06 16:48:47,925 - DEBUG - Processing command
2025-06-06 16:48:47,925 - DEBUG - Modifying coordinates for command: summon end_crystal 73 -37 33 {ShowBottom:0b,Invulnerable:1b,Tags:["laser"],BeamTarget:{X:83,Y:80,Z:-100}}
2025-06-06 16:48:47,926 - DEBUG - No coordinate modification applied
2025-06-06 16:48:47,926 - DEBUG - Modified command: summon end_crystal 73 -37 33 {ShowBottom:0b,Invulnerable:1b,Tags:["laser"],BeamTarget:{X:83,Y:80,Z:-100}}
2025-06-06 16:48:49,539 - DEBUG - Clipboard updated with modified command
2025-06-06 16:51:04,245 - DEBUG - Processing command
2025-06-06 16:51:04,245 - DEBUG - Modifying coordinates for command: summon end_crystal 73 -37 33 {ShowBottom:0b,Invulnerable:1b,Tags:["laser"],BeamTarget:{X:83,Y:80,Z:-100}}
2025-06-06 16:51:04,245 - DEBUG - No coordinate modification applied
2025-06-06 16:51:04,245 - DEBUG - Modified command: summon end_crystal 73 -37 33 {ShowBottom:0b,Invulnerable:1b,Tags:["laser"],BeamTarget:{X:83,Y:80,Z:-100}}
2025-06-06 16:51:14,410 - DEBUG - Clipboard updated with modified command
2025-06-06 16:52:23,747 - INFO - Application interrupted by user
2025-06-06 16:52:23,747 - INFO - Application exiting
2025-06-06 16:54:10,260 - INFO - Application started
2025-06-06 16:54:22,153 - DEBUG - Processing command
2025-06-06 16:54:22,153 - DEBUG - Modifying coordinates for command: summon end_crystal 73 -37 33 {ShowBottom:0b,Invulnerable:1b,Tags:["laser"],BeamTarget:{X:83,Y:80,Z:-100}}
2025-06-06 16:54:22,154 - DEBUG - No coordinate modification applied
2025-06-06 16:54:22,154 - DEBUG - Modified command: summon end_crystal 73 -37 33 {ShowBottom:0b,Invulnerable:1b,Tags:["laser"],BeamTarget:{X:83,Y:80,Z:-100}}
2025-06-06 16:54:33,022 - DEBUG - Clipboard updated with modified command
2025-06-06 16:54:33,031 - DEBUG - Simulated Ctrl+P keypress
2025-06-06 16:54:56,559 - DEBUG - Processing command
2025-06-06 16:54:56,559 - DEBUG - Modifying coordinates for command: ckill @e[type=end_crystal,tag=laser,distance=..2,x=73 ,y=-37,z=33]
2025-06-06 16:54:56,559 - DEBUG - Kill command modified: kill @e[type=end_crystal,tag=laser,distance=..2,x=73 ,y=123,z=33]
2025-06-06 16:54:56,559 - DEBUG - Modified command: kill @e[type=end_crystal,tag=laser,distance=..2,x=73 ,y=123,z=33]
2025-06-06 16:54:59,043 - DEBUG - Clipboard updated with modified command
2025-06-06 16:54:59,055 - DEBUG - Simulated Ctrl+P keypress
2025-06-06 16:55:15,188 - DEBUG - Processing command
2025-06-06 16:55:15,188 - DEBUG - Modifying coordinates for command: ctrsummon end_crystal 73 -37 33 {ShowBottom:0b,Invulnerable:1b,Tags:["laser"],BeamTarget:{X:83,Y:80,Z:-100}}
2025-06-06 16:55:15,188 - DEBUG - No coordinate modification applied
2025-06-06 16:55:15,188 - DEBUG - Modified command: ctrsummon end_crystal 73 -37 33 {ShowBottom:0b,Invulnerable:1b,Tags:["laser"],BeamTarget:{X:83,Y:80,Z:-100}}
2025-06-06 16:56:24,754 - INFO - Application started
2025-06-06 16:56:27,009 - DEBUG - Processing command
2025-06-06 16:56:27,009 - DEBUG - Modifying coordinates for command: summon end_crystal 73 -37 33 {ShowBottom:0b,Invulnerable:1b,Tags:["laser"],BeamTarget:{X:83,Y:80,Z:-100}}
2025-06-06 16:56:27,010 - DEBUG - No coordinate modification applied
2025-06-06 16:56:27,010 - DEBUG - Modified command: summon end_crystal 73 -37 33 {ShowBottom:0b,Invulnerable:1b,Tags:["laser"],BeamTarget:{X:83,Y:80,Z:-100}}
2025-06-06 16:56:31,803 - DEBUG - Clipboard updated with modified command
2025-06-06 16:56:31,825 - DEBUG - Simulated Ctrl+P keypress
2025-06-06 16:59:02,733 - INFO - Application interrupted by user
2025-06-06 16:59:02,733 - INFO - Application exiting
2025-06-06 16:59:04,781 - INFO - Application started
2025-06-06 16:59:11,426 - DEBUG - Processing command
2025-06-06 16:59:11,426 - DEBUG - Modifying coordinates for command: summon end_crystal 73 -37 33 {ShowBottom:0b,Invulnerable:1b,Tags:["laser"],BeamTarget:{X:83,Y:80,Z:-100}}
2025-06-06 16:59:11,427 - DEBUG - No summon match found
2025-06-06 16:59:11,427 - DEBUG - No kill match found
2025-06-06 16:59:11,427 - DEBUG - No setblock match found
2025-06-06 16:59:11,427 - DEBUG - No coordinate modification applied
2025-06-06 16:59:11,427 - DEBUG - Modified command: summon end_crystal 73 -37 33 {ShowBottom:0b,Invulnerable:1b,Tags:["laser"],BeamTarget:{X:83,Y:80,Z:-100}}
2025-06-06 16:59:17,174 - DEBUG - Clipboard updated with modified command
2025-06-06 17:05:27,473 - INFO - Application interrupted by user
2025-06-06 17:05:27,473 - INFO - Application exiting
2025-06-06 17:05:28,646 - INFO - Application started
2025-06-06 17:05:37,038 - DEBUG - Processing command
2025-06-06 17:05:37,038 - DEBUG - Modifying coordinates for command: summon end_crystal 73 -37 33 {ShowBottom:0b,Invulnerable:1b,Tags:["laser"],BeamTarget:{X:83,Y:80,Z:-100}}
2025-06-06 17:05:37,039 - DEBUG - No summon match found
2025-06-06 17:05:37,039 - DEBUG - No kill match found
2025-06-06 17:05:37,039 - DEBUG - No setblock match found
2025-06-06 17:05:37,039 - DEBUG - No coordinate modification applied
2025-06-06 17:05:37,039 - DEBUG - Modified command: summon end_crystal 73 -37 33 {ShowBottom:0b,Invulnerable:1b,Tags:["laser"],BeamTarget:{X:83,Y:80,Z:-100}}
2025-06-06 17:05:41,367 - DEBUG - Clipboard updated with modified command
2025-06-06 17:08:16,847 - DEBUG - Processing command
2025-06-06 17:08:16,848 - DEBUG - Modifying coordinates for command: kill @e[type=end_crystal,tag=laser,distance=..2,x=73 ,y=-37,z=33]
2025-06-06 17:08:16,848 - DEBUG - No summon match found
2025-06-06 17:08:16,848 - DEBUG - Kill match groups: ('kill @e[type=end_crystal,tag=laser,distance=..2,x=73 ,y=', '-37', ',z=33]')
2025-06-06 17:08:16,848 - DEBUG - Kill command modified: kill @e[type=end_crystal,tag=laser,distance=..2,x=73 ,y=123,z=33]
2025-06-06 17:08:16,848 - DEBUG - Modified command: kill @e[type=end_crystal,tag=laser,distance=..2,x=73 ,y=123,z=33]
2025-06-06 17:08:19,469 - DEBUG - Clipboard updated with modified command
2025-06-06 17:08:34,991 - DEBUG - Processing command
2025-06-06 17:08:34,991 - DEBUG - Modifying coordinates for command: summon end_crystal 73 -37 33 {ShowBottom:0b,Invulnerable:1b,Tags:"laser"],BeamTarget],{X:83,Y:80,Z:-100}}
2025-06-06 17:08:34,991 - DEBUG - No summon match found
2025-06-06 17:08:34,991 - DEBUG - No kill match found
2025-06-06 17:08:34,991 - DEBUG - No setblock match found
2025-06-06 17:08:34,991 - DEBUG - No coordinate modification applied
2025-06-06 17:08:34,991 - DEBUG - Modified command: summon end_crystal 73 -37 33 {ShowBottom:0b,Invulnerable:1b,Tags:"laser"],BeamTarget],{X:83,Y:80,Z:-100}}
2025-06-06 17:08:40,192 - DEBUG - Clipboard updated with modified command
2025-06-06 17:09:02,649 - DEBUG - Processing command
2025-06-06 17:09:02,649 - DEBUG - Modifying coordinates for command: setblock 47 -57 31 minecraft:lime_concrete
2025-06-06 17:09:02,649 - DEBUG - No summon match found
2025-06-06 17:09:02,649 - DEBUG - No kill match found
2025-06-06 17:09:02,649 - DEBUG - Setblock match groups: ('setblock 47 ', '-57', ' 31 minecraft:lime_concrete')
2025-06-06 17:09:02,649 - DEBUG - Setblock command modified: setblock 47 103 31 minecraft:lime_concrete
2025-06-06 17:09:02,650 - DEBUG - Modified command: setblock 47 103 31 minecraft:lime_concrete
2025-06-06 17:09:05,321 - DEBUG - Clipboard updated with modified command
2025-06-06 17:10:23,155 - INFO - Application interrupted by user
2025-06-06 17:10:23,155 - INFO - Application exiting
